android/app/build/intermediates/manifest_merge_blame_file/debug/processDebugMainManifest/manifest-merger-blame-debug-report.txt
1<?xml version="1.0" encoding="utf-8"?>
2<!--
3  FitSense AI - App manifest.
4  Declares the permissions, hardware features, and components required for
5  AR foot scanning, local persistence, and Compose UI rendering.
6-->
7<manifest xmlns:android="http://schemas.android.com/apk/res/android"
8    package="com.fitsense.ai.debug"
9    android:versionCode="1"
10    android:versionName="1.0.0-debug" >
11
12    <uses-sdk
13        android:minSdkVersion="26"
14        android:targetSdkVersion="34" />
15
16    <!-- Camera, internet, AR depth, and storage (scan thumbnails). -->
17    <uses-permission android:name="android.permission.CAMERA" />
17-->src\main\AndroidManifest.xml:11:5-65
17-->src\main\AndroidManifest.xml:11:22-62
18    <uses-permission android:name="android.permission.INTERNET" />
18-->src\main\AndroidManifest.xml:12:5-67
18-->src\main\AndroidManifest.xml:12:22-64
19    <uses-permission android:name="android.permission.ACCESS_NETWORK_STATE" />
19-->src\main\AndroidManifest.xml:13:5-79
19-->src\main\AndroidManifest.xml:13:22-76
20    <uses-permission
20-->src\main\AndroidManifest.xml:14:5-16:40
21        android:name="android.permission.READ_EXTERNAL_STORAGE"
21-->src\main\AndroidManifest.xml:14:22-77
22        android:maxSdkVersion="32" />
22-->src\main\AndroidManifest.xml:15:9-35
23    <uses-permission android:name="android.permission.READ_MEDIA_IMAGES" />
23-->src\main\AndroidManifest.xml:17:5-76
23-->src\main\AndroidManifest.xml:17:22-73
24    <uses-permission android:name="android.permission.VIBRATE" />
24-->src\main\AndroidManifest.xml:18:5-66
24-->src\main\AndroidManifest.xml:18:22-63
25
26    <!-- Required hardware -->
27    <uses-feature
27-->src\main\AndroidManifest.xml:21:5-84
28        android:name="android.hardware.camera"
28-->src\main\AndroidManifest.xml:21:19-57
29        android:required="true" />
29-->src\main\AndroidManifest.xml:21:58-81
30    <uses-feature
30-->src\main\AndroidManifest.xml:22:5-95
31        android:name="android.hardware.camera.autofocus"
31-->src\main\AndroidManifest.xml:22:19-67
32        android:required="false" />
32-->src\main\AndroidManifest.xml:22:68-92
33    <uses-feature
33-->src\main\AndroidManifest.xml:23:5-78
34        android:glEsVersion="0x00030000"
34-->src\main\AndroidManifest.xml:23:19-51
35        android:required="true" />
35-->src\main\AndroidManifest.xml:23:52-75
36
37    <!--
38         ARCore: this is an "AR Optional" app — it still works for users without ARCore,
39         degrading scan accuracy gracefully.
40    -->
41    <uses-feature
41-->src\main\AndroidManifest.xml:27:5-88
42        android:name="android.hardware.camera.ar"
42-->src\main\AndroidManifest.xml:27:19-60
43        android:required="false" />
43-->src\main\AndroidManifest.xml:27:61-85
44
45    <permission
45-->[androidx.core:core:1.13.1] AndroidManifest.xml:22:5-24:47
46        android:name="com.fitsense.ai.debug.DYNAMIC_RECEIVER_NOT_EXPORTED_PERMISSION"
46-->[androidx.core:core:1.13.1] AndroidManifest.xml:23:9-81
47        android:protectionLevel="signature" />
47-->[androidx.core:core:1.13.1] AndroidManifest.xml:24:9-44
48
49    <uses-permission android:name="com.fitsense.ai.debug.DYNAMIC_RECEIVER_NOT_EXPORTED_PERMISSION" />
49-->[androidx.core:core:1.13.1] AndroidManifest.xml:26:5-97
49-->[androidx.core:core:1.13.1] AndroidManifest.xml:26:22-94
50
51    <queries>
51-->[com.google.ar:core:1.42.0] AndroidManifest.xml:20:5-27:15
52        <package android:name="com.google.ar.core" />
52-->[com.google.ar:core:1.42.0] AndroidManifest.xml:21:9-54
52-->[com.google.ar:core:1.42.0] AndroidManifest.xml:21:18-51
53        <package android:name="com.android.vending" />
53-->[com.google.ar:core:1.42.0] AndroidManifest.xml:22:9-55
53-->[com.google.ar:core:1.42.0] AndroidManifest.xml:22:18-52
54
55        <intent>
55-->[com.google.ar:core:1.42.0] AndroidManifest.xml:24:9-26:18
56            <action android:name="com.google.android.play.core.install.BIND_INSTALL_SERVICE" />
56-->[com.google.ar:core:1.42.0] AndroidManifest.xml:25:13-96
56-->[com.google.ar:core:1.42.0] AndroidManifest.xml:25:21-93
57        </intent>
58    </queries>
59
60    <application
60-->src\main\AndroidManifest.xml:29:5-68:19
61        android:name="com.fitsense.ai.FitSenseApp"
61-->src\main\AndroidManifest.xml:30:9-36
62        android:allowBackup="true"
62-->src\main\AndroidManifest.xml:31:9-35
63        android:appComponentFactory="androidx.core.app.CoreComponentFactory"
63-->[androidx.core:core:1.13.1] AndroidManifest.xml:28:18-86
64        android:dataExtractionRules="@xml/data_extraction_rules"
64-->src\main\AndroidManifest.xml:32:9-65
65        android:debuggable="true"
66        android:enableOnBackInvokedCallback="true"
66-->src\main\AndroidManifest.xml:39:9-51
67        android:extractNativeLibs="false"
68        android:fullBackupContent="@xml/backup_rules"
68-->src\main\AndroidManifest.xml:33:9-54
69        android:icon="@mipmap/ic_launcher"
69-->src\main\AndroidManifest.xml:34:9-43
70        android:label="@string/app_name"
70-->src\main\AndroidManifest.xml:36:9-41
71        android:roundIcon="@mipmap/ic_launcher_round"
71-->src\main\AndroidManifest.xml:35:9-54
72        android:supportsRtl="true"
72-->src\main\AndroidManifest.xml:37:9-35
73        android:theme="@style/Theme.FitSenseAI.Splash" >
73-->src\main\AndroidManifest.xml:38:9-55
74
75        <!--
76             ARCore metadata. "optional" lets devices without ARCore install the app
77             and use the OpenCV fallback measurement path.
78        -->
79        <meta-data
79-->src\main\AndroidManifest.xml:44:9-81
80            android:name="com.google.ar.core"
80-->src\main\AndroidManifest.xml:44:20-53
81            android:value="optional" />
81-->src\main\AndroidManifest.xml:44:54-78
82        <meta-data
82-->src\main\AndroidManifest.xml:45:9-48:45
83            android:name="com.google.ar.core.min_apk_version"
83-->src\main\AndroidManifest.xml:46:13-62
84            android:value="240916000" />
84-->src\main\AndroidManifest.xml:47:13-38
85
86        <activity
86-->src\main\AndroidManifest.xml:50:9-61:20
87            android:name="com.fitsense.ai.MainActivity"
87-->src\main\AndroidManifest.xml:51:13-41
88            android:configChanges="orientation|screenSize|keyboardHidden|uiMode|density|fontScale"
88-->src\main\AndroidManifest.xml:53:13-99
89            android:exported="true"
89-->src\main\AndroidManifest.xml:52:13-36
90            android:screenOrientation="portrait"
90-->src\main\AndroidManifest.xml:54:13-49
91            android:theme="@style/Theme.FitSenseAI.Splash"
91-->src\main\AndroidManifest.xml:56:13-59
92            android:windowSoftInputMode="adjustResize" >
92-->src\main\AndroidManifest.xml:55:13-55
93            <intent-filter>
93-->src\main\AndroidManifest.xml:57:13-60:29
94                <action android:name="android.intent.action.MAIN" />
94-->src\main\AndroidManifest.xml:58:17-69
94-->src\main\AndroidManifest.xml:58:25-66
95
96                <category android:name="android.intent.category.LAUNCHER" />
96-->src\main\AndroidManifest.xml:59:17-77
96-->src\main\AndroidManifest.xml:59:27-74
97            </intent-filter>
98        </activity>
99
100        <provider
101            android:name="androidx.startup.InitializationProvider"
101-->src\main\AndroidManifest.xml:64:13-67
102            android:authorities="com.fitsense.ai.debug.androidx-startup"
102-->src\main\AndroidManifest.xml:65:13-68
103            android:exported="false" >
103-->src\main\AndroidManifest.xml:66:13-37
104            <meta-data
104-->[androidx.emoji2:emoji2:1.3.0] AndroidManifest.xml:29:13-31:52
105                android:name="androidx.emoji2.text.EmojiCompatInitializer"
105-->[androidx.emoji2:emoji2:1.3.0] AndroidManifest.xml:30:17-75
106                android:value="androidx.startup" />
106-->[androidx.emoji2:emoji2:1.3.0] AndroidManifest.xml:31:17-49
107            <meta-data
107-->[androidx.lifecycle:lifecycle-process:2.8.0] AndroidManifest.xml:29:13-31:52
108                android:name="androidx.lifecycle.ProcessLifecycleInitializer"
108-->[androidx.lifecycle:lifecycle-process:2.8.0] AndroidManifest.xml:30:17-78
109                android:value="androidx.startup" />
109-->[androidx.lifecycle:lifecycle-process:2.8.0] AndroidManifest.xml:31:17-49
110            <meta-data
110-->[androidx.profileinstaller:profileinstaller:1.3.1] AndroidManifest.xml:29:13-31:52
111                android:name="androidx.profileinstaller.ProfileInstallerInitializer"
111-->[androidx.profileinstaller:profileinstaller:1.3.1] AndroidManifest.xml:30:17-85
112                android:value="androidx.startup" />
112-->[androidx.profileinstaller:profileinstaller:1.3.1] AndroidManifest.xml:31:17-49
113        </provider>
114
115        <service
115-->[androidx.camera:camera-camera2:1.3.3] AndroidManifest.xml:24:9-33:19
116            android:name="androidx.camera.core.impl.MetadataHolderService"
116-->[androidx.camera:camera-camera2:1.3.3] AndroidManifest.xml:25:13-75
117            android:enabled="false"
117-->[androidx.camera:camera-camera2:1.3.3] AndroidManifest.xml:26:13-36
118            android:exported="false" >
118-->[androidx.camera:camera-camera2:1.3.3] AndroidManifest.xml:27:13-37
119            <meta-data
119-->[androidx.camera:camera-camera2:1.3.3] AndroidManifest.xml:30:13-32:89
120                android:name="androidx.camera.core.impl.MetadataHolderService.DEFAULT_CONFIG_PROVIDER"
120-->[androidx.camera:camera-camera2:1.3.3] AndroidManifest.xml:31:17-103
121                android:value="androidx.camera.camera2.Camera2Config$DefaultProvider" />
121-->[androidx.camera:camera-camera2:1.3.3] AndroidManifest.xml:32:17-86
122        </service>
123
124        <activity
124-->[androidx.compose.ui:ui-tooling-android:1.6.7] AndroidManifest.xml:23:9-25:39
125            android:name="androidx.compose.ui.tooling.PreviewActivity"
125-->[androidx.compose.ui:ui-tooling-android:1.6.7] AndroidManifest.xml:24:13-71
126            android:exported="true" />
126-->[androidx.compose.ui:ui-tooling-android:1.6.7] AndroidManifest.xml:25:13-36
127        <activity
127-->[androidx.compose.ui:ui-test-manifest:1.6.7] AndroidManifest.xml:23:9-25:39
128            android:name="androidx.activity.ComponentActivity"
128-->[androidx.compose.ui:ui-test-manifest:1.6.7] AndroidManifest.xml:24:13-63
129            android:exported="true" /> <!-- This activity is critical for installing ARCore when it is not already present. -->
129-->[androidx.compose.ui:ui-test-manifest:1.6.7] AndroidManifest.xml:25:13-36
130        <activity
130-->[com.google.ar:core:1.42.0] AndroidManifest.xml:36:9-42:80
131            android:name="com.google.ar.core.InstallActivity"
131-->[com.google.ar:core:1.42.0] AndroidManifest.xml:37:13-62
132            android:configChanges="keyboardHidden|orientation|screenSize"
132-->[com.google.ar:core:1.42.0] AndroidManifest.xml:38:13-74
133            android:excludeFromRecents="true"
133-->[com.google.ar:core:1.42.0] AndroidManifest.xml:39:13-46
134            android:exported="false"
134-->[com.google.ar:core:1.42.0] AndroidManifest.xml:40:13-37
135            android:launchMode="singleTop"
135-->[com.google.ar:core:1.42.0] AndroidManifest.xml:41:13-43
136            android:theme="@android:style/Theme.Material.Light.Dialog.Alert" />
136-->[com.google.ar:core:1.42.0] AndroidManifest.xml:42:13-77
137
138        <receiver
138-->[androidx.profileinstaller:profileinstaller:1.3.1] AndroidManifest.xml:34:9-52:20
139            android:name="androidx.profileinstaller.ProfileInstallReceiver"
139-->[androidx.profileinstaller:profileinstaller:1.3.1] AndroidManifest.xml:35:13-76
140            android:directBootAware="false"
140-->[androidx.profileinstaller:profileinstaller:1.3.1] AndroidManifest.xml:36:13-44
141            android:enabled="true"
141-->[androidx.profileinstaller:profileinstaller:1.3.1] AndroidManifest.xml:37:13-35
142            android:exported="true"
142-->[androidx.profileinstaller:profileinstaller:1.3.1] AndroidManifest.xml:38:13-36
143            android:permission="android.permission.DUMP" >
143-->[androidx.profileinstaller:profileinstaller:1.3.1] AndroidManifest.xml:39:13-57
144            <intent-filter>
144-->[androidx.profileinstaller:profileinstaller:1.3.1] AndroidManifest.xml:40:13-42:29
145                <action android:name="androidx.profileinstaller.action.INSTALL_PROFILE" />
145-->[androidx.profileinstaller:profileinstaller:1.3.1] AndroidManifest.xml:41:17-91
145-->[androidx.profileinstaller:profileinstaller:1.3.1] AndroidManifest.xml:41:25-88
146            </intent-filter>
147            <intent-filter>
147-->[androidx.profileinstaller:profileinstaller:1.3.1] AndroidManifest.xml:43:13-45:29
148                <action android:name="androidx.profileinstaller.action.SKIP_FILE" />
148-->[androidx.profileinstaller:profileinstaller:1.3.1] AndroidManifest.xml:44:17-85
148-->[androidx.profileinstaller:profileinstaller:1.3.1] AndroidManifest.xml:44:25-82
149            </intent-filter>
150            <intent-filter>
150-->[androidx.profileinstaller:profileinstaller:1.3.1] AndroidManifest.xml:46:13-48:29
151                <action android:name="androidx.profileinstaller.action.SAVE_PROFILE" />
151-->[androidx.profileinstaller:profileinstaller:1.3.1] AndroidManifest.xml:47:17-88
151-->[androidx.profileinstaller:profileinstaller:1.3.1] AndroidManifest.xml:47:25-85
152            </intent-filter>
153            <intent-filter>
153-->[androidx.profileinstaller:profileinstaller:1.3.1] AndroidManifest.xml:49:13-51:29
154                <action android:name="androidx.profileinstaller.action.BENCHMARK_OPERATION" />
154-->[androidx.profileinstaller:profileinstaller:1.3.1] AndroidManifest.xml:50:17-95
154-->[androidx.profileinstaller:profileinstaller:1.3.1] AndroidManifest.xml:50:25-92
155            </intent-filter>
156        </receiver>
157
158        <meta-data
158-->[com.google.android.gms:play-services-basement:16.0.1] AndroidManifest.xml:23:9-25:69
159            android:name="com.google.android.gms.version"
159-->[com.google.android.gms:play-services-basement:16.0.1] AndroidManifest.xml:24:13-58
160            android:value="@integer/google_play_services_version" />
160-->[com.google.android.gms:play-services-basement:16.0.1] AndroidManifest.xml:25:13-66
161    </application>
162
163</manifest>